[35m[Appium][39m Welcome to Appium v1.22.3
[35m[Appium][39m Non-default server args:
[35m[Appium][39m   port: 49961
[35m[Appium][39m   loglevel: info
[35m[Appium][39m   tmpDir: C:\Users\nayla\AppData\Local\Temp\\Katalon\Appium\Temp1687695819280
[35m[Appium][39m   chromedriverPort: 49962
[35m[Appium][39m Deprecated server args:
[35m[Appium][39m   [31m--chromedriver-port[39m => --default-capabilities
[35m[Appium][39m Default capabilities, which will be added to each request unless overridden by desired capabilities:
[35m[Appium][39m   chromedriverPort: 49962
[35m[Appium][39m Appium REST http interface listener started on 0.0.0.0:49961
[35m[HTTP][39m [37m-->[39m [37mGET[39m [37m/wd/hub/status[39m
[35m[HTTP][39m [90m{}[39m
[35m[HTTP][39m [37m<-- GET /wd/hub/status [39m[32m200[39m [90m9 ms - 68[39m
[35m[HTTP][39m [90m[39m
[35m[HTTP][39m [37m-->[39m [37mGET[39m [37m/wd/hub/status[39m
[35m[HTTP][39m [90m{}[39m
[35m[HTTP][39m [37m<-- GET /wd/hub/status [39m[32m200[39m [90m1 ms - 68[39m
[35m[HTTP][39m [90m[39m
[35m[HTTP][39m [37m-->[39m [37mPOST[39m [37m/wd/hub/session[39m
[35m[HTTP][39m [90m{"desiredCapabilities":{"appActivity":".Settings","appPackage":"com.android.settings","newCommandTimeout":1800,"platformVersion":"11","automationName":"uiautomator2","autoGrantPermissions":true,"platformName":"Android","udid":"32b756b","deviceName":"Xiaomi POCO F1 (Android 11)","platform":"ANDROID","systemPort":8269},"capabilities":{"firstMatch":[{"appium:appActivity":".Settings","appium:appPackage":"com.android.settings","appium:autoGrantPermissions":true,"appium:automationName":"uiautomator2","appium:deviceName":"Xiaomi POCO F1 (Android 11)","appium:newCommandTimeout":1800,"platform":"ANDROID","platformName":"android","appium:platformVersion":"11","appium:systemPort":8269,"appium:udid":"32b756b"}]}}[39m
[35m[BaseDriver][39m The following capabilities are not standard capabilities and should have an extension prefix:
[35m[BaseDriver][39m   platform
[35m[BaseDriver][39m   chromedriverPort
[35m[Appium][39m Appium v1.22.3 creating new AndroidUiautomator2Driver (v1.70.1) session
[35m[BaseDriver][39m The following capabilities were provided, but are not recognized by Appium:
[35m[BaseDriver][39m   platform
[35m[BaseDriver][39m Session created with session id: 71c72e15-da05-4413-b5e8-61e68010c6dd
[35m[UiAutomator2][39m Starting 'com.android.settings' directly on the device
[35m[ADB][39m Found 1 'build-tools' folders under 'C:\Users\nayla\.katalon\tools\android_sdk' (newest first):
[35m[ADB][39m     C:/Users/nayla/.katalon/tools/android_sdk/build-tools/29.0.3
[35m[ADB][39m Using 'adb.exe' from 'C:\Users\nayla\.katalon\tools\android_sdk\platform-tools\adb.exe'
[35m[AndroidDriver][39m Retrieving device list
[35m[AndroidDriver][39m Using device: 32b756b
[35m[ADB][39m Using 'adb.exe' from 'C:\Users\nayla\.katalon\tools\android_sdk\platform-tools\adb.exe'
[35m[ADB][39m Getting device platform version
[35m[UiAutomator2][39m Relaxing hidden api policy
[35m[AndroidDriver][39m No app sent in, not parsing package/activity
[35m[ADB][39m Using 'apksigner.jar' from 'C:\Users\nayla\.katalon\tools\android_sdk\build-tools\29.0.3\lib\apksigner.jar'
[35m[ADB][39m 'C:\Users\nayla\node_modules\appium\node_modules\appium-uiautomator2-server\apks\appium-uiautomator2-server-v4.27.0.apk' is signed with the default certificate
[35m[ADB][39m 'C:\Users\nayla\node_modules\appium\node_modules\appium-uiautomator2-server\apks\appium-uiautomator2-server-debug-androidTest.apk' is signed with the default certificate
[35m[UiAutomator2][39m Server packages are not going to be (re)installed
[35m[ADB][39m Adding packages ["io.appium.settings","io.appium.uiautomator2.server","io.appium.uiautomator2.server.test"] to Doze whitelist
[35m[UiAutomator2][39m Starting UIAutomator2 server 4.27.0
[35m[UiAutomator2][39m Using UIAutomator2 server from 'C:\Users\nayla\node_modules\appium\node_modules\appium-uiautomator2-server\apks\appium-uiautomator2-server-v4.27.0.apk' and test from 'C:\Users\nayla\node_modules\appium\node_modules\appium-uiautomator2-server\apks\appium-uiautomator2-server-debug-androidTest.apk'
[35m[UiAutomator2][39m Waiting up to 30000ms for UiAutomator2 to be online...
[35m[WD Proxy][39m socket hang up
[35m[WD Proxy][39m socket hang up
[35m[WD Proxy][39m socket hang up
[35m[WD Proxy][39m Determined the downstream protocol as 'W3C'
[35m[AndroidDriver][39m Screen already unlocked, doing nothing
[35m[UiAutomator2][39m Starting 'com.android.settings/.Settings and waiting for 'com.android.settings/.Settings'
[35m[Appium][39m New AndroidUiautomator2Driver session created successfully, session 71c72e15-da05-4413-b5e8-61e68010c6dd added to master session list
[35m[HTTP][39m [37m<-- POST /wd/hub/session [39m[32m200[39m [90m11399 ms - 1137[39m
[35m[HTTP][39m [90m[39m
[35m[HTTP][39m [37m-->[39m [37mGET[39m [37m/wd/hub/session/71c72e15-da05-4413-b5e8-61e68010c6dd[39m
[35m[HTTP][39m [90m{}[39m
[35m[HTTP][39m [37m<-- GET /wd/hub/session/71c72e15-da05-4413-b5e8-61e68010c6dd [39m[32m200[39m [90m18 ms - 1091[39m
[35m[HTTP][39m [90m[39m
[35m[HTTP][39m [37m-->[39m [37mGET[39m [37m/wd/hub/session/71c72e15-da05-4413-b5e8-61e68010c6dd[39m
[35m[HTTP][39m [90m{}[39m
[35m[HTTP][39m [37m<-- GET /wd/hub/session/71c72e15-da05-4413-b5e8-61e68010c6dd [39m[32m200[39m [90m19 ms - 1091[39m
[35m[HTTP][39m [90m[39m
[35m[HTTP][39m [37m-->[39m [37mGET[39m [37m/wd/hub/status[39m
[35m[HTTP][39m [90m{}[39m
[35m[HTTP][39m [37m<-- GET /wd/hub/status [39m[32m200[39m [90m2 ms - 68[39m
[35m[HTTP][39m [90m[39m
[35m[HTTP][39m [37m-->[39m [37mPOST[39m [37m/wd/hub/session/71c72e15-da05-4413-b5e8-61e68010c6dd/timeouts[39m
[35m[HTTP][39m [90m{"implicit":60000}[39m
[35m[HTTP][39m [37m<-- POST /wd/hub/session/71c72e15-da05-4413-b5e8-61e68010c6dd/timeouts [39m[32m200[39m [90m4 ms - 14[39m
[35m[HTTP][39m [90m[39m
[35m[HTTP][39m [37m-->[39m [37mGET[39m [37m/wd/hub/session/71c72e15-da05-4413-b5e8-61e68010c6dd/screenshot[39m
[35m[HTTP][39m [90m{}[39m
[35m[HTTP][39m [37m<-- GET /wd/hub/session/71c72e15-da05-4413-b5e8-61e68010c6dd/screenshot [39m[32m200[39m [90m723 ms - 249136[39m
[35m[HTTP][39m [90m[39m
[35m[HTTP][39m [37m-->[39m [37mGET[39m [37m/wd/hub/session/71c72e15-da05-4413-b5e8-61e68010c6dd/window/rect[39m
[35m[HTTP][39m [90m{}[39m
[35m[HTTP][39m [37m<-- GET /wd/hub/session/71c72e15-da05-4413-b5e8-61e68010c6dd/window/rect [39m[32m200[39m [90m41 ms - 50[39m
[35m[HTTP][39m [90m[39m
[35m[HTTP][39m [37m-->[39m [37mGET[39m [37m/wd/hub/session/71c72e15-da05-4413-b5e8-61e68010c6dd/appium/device/system_bars[39m
[35m[HTTP][39m [90m{}[39m
[35m[HTTP][39m [37m<-- GET /wd/hub/session/71c72e15-da05-4413-b5e8-61e68010c6dd/appium/device/system_bars [39m[32m200[39m [90m162 ms - 148[39m
[35m[HTTP][39m [90m[39m
[35m[HTTP][39m [37m-->[39m [37mPOST[39m [37m/wd/hub/session/71c72e15-da05-4413-b5e8-61e68010c6dd/appium/device/activate_app[39m
[35m[HTTP][39m [90m{"bundleId":"surplus.surplus_apps_customer"}[39m
[35m[HTTP][39m [37m<-- POST /wd/hub/session/71c72e15-da05-4413-b5e8-61e68010c6dd/appium/device/activate_app [39m[32m200[39m [90m553 ms - 14[39m
[35m[HTTP][39m [90m[39m
[35m[HTTP][39m [37m-->[39m [37mGET[39m [37m/wd/hub/session/71c72e15-da05-4413-b5e8-61e68010c6dd/source[39m
[35m[HTTP][39m [90m{}[39m
[35m[W3C (71c72e15)][39m Driver proxy active, passing request on via HTTP proxy
[35m[WD Proxy][39m Replacing sessionId ceeb2607-506d-43fa-8d12-ccb16c273bd2 with 71c72e15-da05-4413-b5e8-61e68010c6dd
[35m[HTTP][39m [37m<-- GET /wd/hub/session/71c72e15-da05-4413-b5e8-61e68010c6dd/source [39m[32m200[39m [90m1317 ms - 48368[39m
[35m[HTTP][39m [90m[39m
[35m[HTTP][39m [37m-->[39m [37mGET[39m [37m/wd/hub/session/71c72e15-da05-4413-b5e8-61e68010c6dd/screenshot[39m
[35m[HTTP][39m [90m{}[39m
[35m[HTTP][39m [37m<-- GET /wd/hub/session/71c72e15-da05-4413-b5e8-61e68010c6dd/screenshot [39m[32m200[39m [90m705 ms - 269224[39m
[35m[HTTP][39m [90m[39m
[35m[HTTP][39m [37m-->[39m [37mPOST[39m [37m/wd/hub/session/71c72e15-da05-4413-b5e8-61e68010c6dd/elements[39m
[35m[HTTP][39m [90m{"using":"xpath","value":"//*[@class = 'android.view.ViewGroup' and @resource-id = 'SubmitOrderButton' and (@text = '' or . = '')]"}[39m
[35m[HTTP][39m [37m<-- POST /wd/hub/session/71c72e15-da05-4413-b5e8-61e68010c6dd/elements [39m[32m200[39m [90m1072 ms - 139[39m
[35m[HTTP][39m [90m[39m
[35m[HTTP][39m [37m-->[39m [37mGET[39m [37m/wd/hub/session/71c72e15-da05-4413-b5e8-61e68010c6dd/source[39m
[35m[HTTP][39m [90m{}[39m
[35m[W3C (71c72e15)][39m Driver proxy active, passing request on via HTTP proxy
[35m[WD Proxy][39m Replacing sessionId ceeb2607-506d-43fa-8d12-ccb16c273bd2 with 71c72e15-da05-4413-b5e8-61e68010c6dd
[35m[HTTP][39m [37m<-- GET /wd/hub/session/71c72e15-da05-4413-b5e8-61e68010c6dd/source [39m[32m200[39m [90[35m[BaseDriver][39m Shutting down because we waited 1800 seconds for a command
[35m[Appium][39m Closing session, cause was 'New Command Timeout of 1800 seconds expired. Try customizing the timeout using the 'newCommandTimeout' desired capability'
[35m[Appium][39m Removing session 'b697931d-96fb-417a-bce7-4d8065e78a17' from our master session list
[35m[UiAutomator2][39m Did not get confirmation UiAutomator2 deleteSession worked; Error was: UnknownError: An unknown server-side error occurred while processing the command. Original error: 'DELETE /' cannot be proxied to UiAutomator2 server because the instrumentation process is not running (probably crashed). Check the server log and/or the logcat output for more details
[35m[UiAutomator2][39m Restoring hidden api policy to the device default configuration
[35m[HTTP][39m [37m-->[39m [37mDELETE[39m [37m/wd/hub/session/b697931d-96fb-417a-bce7-4d8065e78a17[39m
[35m[HTTP][39m [90m{}[39m
[35m[HTTP][39m [37m<-- DELETE /wd/hub/session/b697931d-96fb-417a-bce7-4d8065e78a17 [39m[33m404[39m [90m94 ms - 2028[39m
[35m[HTTP][39m [90m[39m
 ms - 651[39m
[35m[HTTP][39m [90m[39m
[35m[HTTP][39m [37m-->[39m [37mPOST[39m [37m/wd/hub/session/71c72e15-da05-4413-b5e8-61e68010c6dd/elements[39m
[35m[HTTP][39m [90m{"using":"id","value":"PaymentOption"}[39m
[35m[HTTP][39m [37m<-- POST /wd/hub/session/71c72e15-da05-4413-b5e8-61e68010c6dd/elements [39m[32m200[39m [90m60066 ms - 12[39m
[35m[HTTP][39m [90m[39m
[35m[HTTP][39m [37m-->[39m [37mPOST[39m [37m/wd/hub/session/71c72e15-da05-4413-b5e8-61e68010c6dd/elements[39m
[35m[HTTP][39m [90m{"using":"-android uiautomator","value":"new UiSelector().className(\"android.view.ViewGroup\").resourceId(\"PaymentOption\")"}[39m
[35m[HTTP][39m [37m<-- POST /wd/hub/session/71c72e15-da05-4413-b5e8-61e68010c6dd/elements [39m[32m200[39m [90m131 ms - 651[39m
[35m[HTTP][39m [90m[39m
[35m[HTTP][39m [37m-->[39m [37mGET[39m [37m/wd/hub/session/71c72e15-da05-4413-b5e8-61e68010c6dd/source[39m
[35m[HTTP][39m [90m{}[39m
[35m[W3C (71c72e15)][39m Driver proxy active, passing request on via HTTP proxy
[35m[WD Proxy][39m Replacing sessionId ceeb2607-506d-43fa-8d12-ccb16c273bd2 with 71c72e15-da05-4413-b5e8-61e68010c6dd
[35m[HTTP][39m [37m<-- GET /wd/hub/session/71c72e15-da05-4413-b5e8-61e68010c6dd/source [39m[32m200[39m [90m219 ms - 47405[39m
[35m[HTTP][39m [90m[39m
[35m[HTTP][39m [37m-->[39m [37mGET[39m [37m/wd/hub/session/71c72e15-da05-4413-b5e8-61e68010c6dd/screenshot[39m
[35m[HTTP][39m [90m{}[39m
[35m[HTTP][39m [37m<-- GET /wd/hub/session/71c72e15-da05-4413-b5e8-61e68010c6dd/screenshot [39m[32m200[39m [90m792 ms - 194220[39m
[35m[HTTP][39m [90m[39m
[35m[HTTP][39m [37m-->[39m [37mPOST[39m [37m/wd/hub/session/71c72e15-da05-4413-b5e8-61e68010c6dd/elements[39m
[35m[HTTP][39m [90m{"using":"xpath","value":"//*[@class = 'android.view.ViewGroup' and @resource-id = 'SubmitOrderButton' and (@text = '' or . = '')]"}[39m
[35m[HTTP][39m [37m<-- POST /wd/hub/session/71c72e15-da05-4413-b5e8-61e68010c6dd/elements [39m[32m200[39m [90m403 ms - 139[39m
[35m[HTTP][39m [90m[39m
[35m[HTTP][39m [37m-->[39m [37mGET[39m [37m/wd/hub/session/71c72e15-da05-4413-b5e8-61e68010c6dd/source[39m
[35m[HTTP][39m [90m{}[39m
[35m[W3C (71c72e15)][39m Driver proxy active, passing request on via HTTP proxy
[35m[WD Proxy][39m Replacing sessionId ceeb2607-506d-43fa-8d12-ccb16c273bd2 with 71c72e15-da05-4413-b5e8-61e68010c6dd
[35m[HTTP][39m [37m<-- GET /wd/hub/session/71c72e15-da05-4413-b5e8-61e68010c6dd/source [39m[32m200[39m [90m350 ms - 36844[39m
[35m[HTTP][39m [90m[39m
[35m[HTTP][39m [37m-->[39m [37mGET[39m [37m/wd/hub/session/71c72e15-da05-4413-b5e8-61e68010c6dd/screenshot[39m
[35m[HTTP][39m [90m{}[39m
[35m[HTTP][39m [37m<-- GET /wd/hub/session/71c72e15-da05-4413-b5e8-61e68010c6dd/screenshot [39m[32m200[39m [90m800 ms - 303646[39m
[35m[HTTP][39m [90m[39m
[35m[HTTP][39m [37m-->[39m [37mPOST[39m [37m/wd/hub/session/71c72e15-da05-4413-b5e8-61e68010c6dd/elements[39m
[35m[HTTP][39m [90m{"using":"xpath","value":"//*[@class = 'android.view.ViewGroup' and @resource-id = 'PaymentButton' and (@text = '' or . = '')]"}[39m
[35m[HTTP][39m [37m<-- POST /wd/hub/session/71c72e15-da05-4413-b5e8-61e68010c6dd/elements [39m[32m200[39m [90m680 ms - 139[39m
[35m[HTTP][39m [90m[39m
[35m[HTTP][39m [37m-->[39m [37mPOST[39m [37m/wd/hub/session/71c72e15-da05-4413-b5e8-61e68010c6dd/elements[39m
[35m[HTTP][39m [90m{"using":"xpath","value":"//*[@class = 'android.view.ViewGroup' and @resource-id = 'PaymentButton' and (@text = '' or . = '')]"}[39m
[35m[HTTP][39m [37m<-- POST /wd/hub/session/71c72e15-da05-4413-b5e8-61e68010c6dd/elements [39m[32m200[39m [90m372 ms - 139[39m
[35m[HTTP][39m [90m[39m
[35m[BaseDriver][39m Shutting down because we waited 1800 seconds for a command
[35m[Appium][39m Closing session, cause was 'New Command Timeout of 1800 seconds expired. Try customizing the timeout using the 'newCommandTimeout' desired capability'
[35m[Appium][39m Removing session '71c72e15-da05-4413-b5e8-61e68010c6dd' from our master session list
[35m[UiAutomator2][39m Did not get confirmation UiAutomator2 deleteSession worked; Error was: UnknownError: An unknown server-side error occurred while processing the command. Original error: 'DELETE /' cannot be proxied to UiAutomator2 server because the instrumentation process is not running (probably crashed). Check the server log and/or the logcat output for more details
[35m[UiAutomator2][39m Unable to remove system port forward: Error executing adbExec. Original error: 'Command 'C:\\Users\\nayla\\.katalon\\tools\\android_sdk\\platform-tools\\adb.exe -P 5037 -s 32b756b forward --remove tcp\:8269' exited with code 1'; Command output: adb.exe: error: listener 'tcp:8269' not found
[35m[UiAutomator2][39m 
[35m[UiAutomator2][39m Restoring hidden api policy to the device default configuration
[35m[HTTP][39m [37m-->[39m [37mDELETE[39m [37m/wd/hub/session/71c72e15-da05-4413-b5e8-61e68010c6dd[39m
[35m[HTTP][39m [90m{}[39m
[35m[HTTP][39m [37m<-- DELETE /wd/hub/session/71c72e15-da05-4413-b5e8-61e68010c6dd [39m[33m404[39m [90m76 ms - 2028[39m
[35m[HTTP][39m [90m[39m
